C:\Program Files\Microsoft Visual Studio\2022\Community\MSBuild\Microsoft\VC\v170\Microsoft.CppBuild.targets(517,5): warning MSB8004: Output Directory does not end with a trailing slash.  This build instance will add the slash as it is required to allow proper evaluation of the Output Directory.
  Background.cpp
  Bullet.cpp
  Enemy.cpp
C:\Users\Paolino\Desktop\RPG-game\Enemy.h(21,28): warning C4305: 'initializing': truncation from 'double' to 'float'
  (compiling source file 'Enemy.cpp')
  
C:\Users\Paolino\Desktop\RPG-game\Enemy.cpp(29,79): warning C4244: 'argument': conversion from 'T' to 'T', possible loss of data
C:\Users\Paolino\Desktop\RPG-game\Enemy.cpp(29,79): warning C4244:         with
C:\Users\Paolino\Desktop\RPG-game\Enemy.cpp(29,79): warning C4244:         [
C:\Users\Paolino\Desktop\RPG-game\Enemy.cpp(29,79): warning C4244:             T=float
C:\Users\Paolino\Desktop\RPG-game\Enemy.cpp(29,79): warning C4244:         ]
C:\Users\Paolino\Desktop\RPG-game\Enemy.cpp(29,79): warning C4244:         and
C:\Users\Paolino\Desktop\RPG-game\Enemy.cpp(29,79): warning C4244:         [
C:\Users\Paolino\Desktop\RPG-game\Enemy.cpp(29,79): warning C4244:             T=int
C:\Users\Paolino\Desktop\RPG-game\Enemy.cpp(29,79): warning C4244:         ]
C:\Users\Paolino\Desktop\RPG-game\Enemy.cpp(29,71): warning C4244: 'argument': conversion from 'T' to 'T', possible loss of data
C:\Users\Paolino\Desktop\RPG-game\Enemy.cpp(29,71): warning C4244:         with
C:\Users\Paolino\Desktop\RPG-game\Enemy.cpp(29,71): warning C4244:         [
C:\Users\Paolino\Desktop\RPG-game\Enemy.cpp(29,71): warning C4244:             T=float
C:\Users\Paolino\Desktop\RPG-game\Enemy.cpp(29,71): warning C4244:         ]
C:\Users\Paolino\Desktop\RPG-game\Enemy.cpp(29,71): warning C4244:         and
C:\Users\Paolino\Desktop\RPG-game\Enemy.cpp(29,71): warning C4244:         [
C:\Users\Paolino\Desktop\RPG-game\Enemy.cpp(29,71): warning C4244:             T=int
C:\Users\Paolino\Desktop\RPG-game\Enemy.cpp(29,71): warning C4244:         ]
C:\Users\Paolino\Desktop\RPG-game\Enemy.cpp(29,57): warning C4244: 'argument': conversion from 'T' to 'T', possible loss of data
C:\Users\Paolino\Desktop\RPG-game\Enemy.cpp(29,57): warning C4244:         with
C:\Users\Paolino\Desktop\RPG-game\Enemy.cpp(29,57): warning C4244:         [
C:\Users\Paolino\Desktop\RPG-game\Enemy.cpp(29,57): warning C4244:             T=float
C:\Users\Paolino\Desktop\RPG-game\Enemy.cpp(29,57): warning C4244:         ]
C:\Users\Paolino\Desktop\RPG-game\Enemy.cpp(29,57): warning C4244:         and
C:\Users\Paolino\Desktop\RPG-game\Enemy.cpp(29,57): warning C4244:         [
C:\Users\Paolino\Desktop\RPG-game\Enemy.cpp(29,57): warning C4244:             T=int
C:\Users\Paolino\Desktop\RPG-game\Enemy.cpp(29,57): warning C4244:         ]
C:\Users\Paolino\Desktop\RPG-game\Enemy.cpp(29,40): warning C4244: 'argument': conversion from 'T' to 'T', possible loss of data
C:\Users\Paolino\Desktop\RPG-game\Enemy.cpp(29,40): warning C4244:         with
C:\Users\Paolino\Desktop\RPG-game\Enemy.cpp(29,40): warning C4244:         [
C:\Users\Paolino\Desktop\RPG-game\Enemy.cpp(29,40): warning C4244:             T=float
C:\Users\Paolino\Desktop\RPG-game\Enemy.cpp(29,40): warning C4244:         ]
C:\Users\Paolino\Desktop\RPG-game\Enemy.cpp(29,40): warning C4244:         and
C:\Users\Paolino\Desktop\RPG-game\Enemy.cpp(29,40): warning C4244:         [
C:\Users\Paolino\Desktop\RPG-game\Enemy.cpp(29,40): warning C4244:             T=int
C:\Users\Paolino\Desktop\RPG-game\Enemy.cpp(29,40): warning C4244:         ]
C:\Users\Paolino\Desktop\RPG-game\Enemy.cpp(68,81): warning C4244: 'argument': conversion from 'T' to 'T', possible loss of data
C:\Users\Paolino\Desktop\RPG-game\Enemy.cpp(68,81): warning C4244:         with
C:\Users\Paolino\Desktop\RPG-game\Enemy.cpp(68,81): warning C4244:         [
C:\Users\Paolino\Desktop\RPG-game\Enemy.cpp(68,81): warning C4244:             T=float
C:\Users\Paolino\Desktop\RPG-game\Enemy.cpp(68,81): warning C4244:         ]
C:\Users\Paolino\Desktop\RPG-game\Enemy.cpp(68,81): warning C4244:         and
C:\Users\Paolino\Desktop\RPG-game\Enemy.cpp(68,81): warning C4244:         [
C:\Users\Paolino\Desktop\RPG-game\Enemy.cpp(68,81): warning C4244:             T=int
C:\Users\Paolino\Desktop\RPG-game\Enemy.cpp(68,81): warning C4244:         ]
C:\Users\Paolino\Desktop\RPG-game\Enemy.cpp(68,73): warning C4244: 'argument': conversion from 'T' to 'T', possible loss of data
C:\Users\Paolino\Desktop\RPG-game\Enemy.cpp(68,73): warning C4244:         with
C:\Users\Paolino\Desktop\RPG-game\Enemy.cpp(68,73): warning C4244:         [
C:\Users\Paolino\Desktop\RPG-game\Enemy.cpp(68,73): warning C4244:             T=float
C:\Users\Paolino\Desktop\RPG-game\Enemy.cpp(68,73): warning C4244:         ]
C:\Users\Paolino\Desktop\RPG-game\Enemy.cpp(68,73): warning C4244:         and
C:\Users\Paolino\Desktop\RPG-game\Enemy.cpp(68,73): warning C4244:         [
C:\Users\Paolino\Desktop\RPG-game\Enemy.cpp(68,73): warning C4244:             T=int
C:\Users\Paolino\Desktop\RPG-game\Enemy.cpp(68,73): warning C4244:         ]
C:\Users\Paolino\Desktop\RPG-game\Enemy.cpp(68,59): warning C4244: 'argument': conversion from 'T' to 'T', possible loss of data
C:\Users\Paolino\Desktop\RPG-game\Enemy.cpp(68,59): warning C4244:         with
C:\Users\Paolino\Desktop\RPG-game\Enemy.cpp(68,59): warning C4244:         [
C:\Users\Paolino\Desktop\RPG-game\Enemy.cpp(68,59): warning C4244:             T=float
C:\Users\Paolino\Desktop\RPG-game\Enemy.cpp(68,59): warning C4244:         ]
C:\Users\Paolino\Desktop\RPG-game\Enemy.cpp(68,59): warning C4244:         and
C:\Users\Paolino\Desktop\RPG-game\Enemy.cpp(68,59): warning C4244:         [
C:\Users\Paolino\Desktop\RPG-game\Enemy.cpp(68,59): warning C4244:             T=int
C:\Users\Paolino\Desktop\RPG-game\Enemy.cpp(68,59): warning C4244:         ]
C:\Users\Paolino\Desktop\RPG-game\Enemy.cpp(68,42): warning C4244: 'argument': conversion from 'T' to 'T', possible loss of data
C:\Users\Paolino\Desktop\RPG-game\Enemy.cpp(68,42): warning C4244:         with
C:\Users\Paolino\Desktop\RPG-game\Enemy.cpp(68,42): warning C4244:         [
C:\Users\Paolino\Desktop\RPG-game\Enemy.cpp(68,42): warning C4244:             T=float
C:\Users\Paolino\Desktop\RPG-game\Enemy.cpp(68,42): warning C4244:         ]
C:\Users\Paolino\Desktop\RPG-game\Enemy.cpp(68,42): warning C4244:         and
C:\Users\Paolino\Desktop\RPG-game\Enemy.cpp(68,42): warning C4244:         [
C:\Users\Paolino\Desktop\RPG-game\Enemy.cpp(68,42): warning C4244:             T=int
C:\Users\Paolino\Desktop\RPG-game\Enemy.cpp(68,42): warning C4244:         ]
C:\Users\Paolino\Desktop\RPG-game\Enemy.cpp(88,81): warning C4244: 'argument': conversion from 'T' to 'T', possible loss of data
C:\Users\Paolino\Desktop\RPG-game\Enemy.cpp(88,81): warning C4244:         with
C:\Users\Paolino\Desktop\RPG-game\Enemy.cpp(88,81): warning C4244:         [
C:\Users\Paolino\Desktop\RPG-game\Enemy.cpp(88,81): warning C4244:             T=float
C:\Users\Paolino\Desktop\RPG-game\Enemy.cpp(88,81): warning C4244:         ]
C:\Users\Paolino\Desktop\RPG-game\Enemy.cpp(88,81): warning C4244:         and
C:\Users\Paolino\Desktop\RPG-game\Enemy.cpp(88,81): warning C4244:         [
C:\Users\Paolino\Desktop\RPG-game\Enemy.cpp(88,81): warning C4244:             T=int
C:\Users\Paolino\Desktop\RPG-game\Enemy.cpp(88,81): warning C4244:         ]
C:\Users\Paolino\Desktop\RPG-game\Enemy.cpp(88,73): warning C4244: 'argument': conversion from 'T' to 'T', possible loss of data
C:\Users\Paolino\Desktop\RPG-game\Enemy.cpp(88,73): warning C4244:         with
C:\Users\Paolino\Desktop\RPG-game\Enemy.cpp(88,73): warning C4244:         [
C:\Users\Paolino\Desktop\RPG-game\Enemy.cpp(88,73): warning C4244:             T=float
C:\Users\Paolino\Desktop\RPG-game\Enemy.cpp(88,73): warning C4244:         ]
C:\Users\Paolino\Desktop\RPG-game\Enemy.cpp(88,73): warning C4244:         and
C:\Users\Paolino\Desktop\RPG-game\Enemy.cpp(88,73): warning C4244:         [
C:\Users\Paolino\Desktop\RPG-game\Enemy.cpp(88,73): warning C4244:             T=int
C:\Users\Paolino\Desktop\RPG-game\Enemy.cpp(88,73): warning C4244:         ]
C:\Users\Paolino\Desktop\RPG-game\Enemy.cpp(88,59): warning C4244: 'argument': conversion from 'T' to 'T', possible loss of data
C:\Users\Paolino\Desktop\RPG-game\Enemy.cpp(88,59): warning C4244:         with
C:\Users\Paolino\Desktop\RPG-game\Enemy.cpp(88,59): warning C4244:         [
C:\Users\Paolino\Desktop\RPG-game\Enemy.cpp(88,59): warning C4244:             T=float
C:\Users\Paolino\Desktop\RPG-game\Enemy.cpp(88,59): warning C4244:         ]
C:\Users\Paolino\Desktop\RPG-game\Enemy.cpp(88,59): warning C4244:         and
C:\Users\Paolino\Desktop\RPG-game\Enemy.cpp(88,59): warning C4244:         [
C:\Users\Paolino\Desktop\RPG-game\Enemy.cpp(88,59): warning C4244:             T=int
C:\Users\Paolino\Desktop\RPG-game\Enemy.cpp(88,59): warning C4244:         ]
C:\Users\Paolino\Desktop\RPG-game\Enemy.cpp(88,42): warning C4244: 'argument': conversion from 'T' to 'T', possible loss of data
C:\Users\Paolino\Desktop\RPG-game\Enemy.cpp(88,42): warning C4244:         with
C:\Users\Paolino\Desktop\RPG-game\Enemy.cpp(88,42): warning C4244:         [
C:\Users\Paolino\Desktop\RPG-game\Enemy.cpp(88,42): warning C4244:             T=float
C:\Users\Paolino\Desktop\RPG-game\Enemy.cpp(88,42): warning C4244:         ]
C:\Users\Paolino\Desktop\RPG-game\Enemy.cpp(88,42): warning C4244:         and
C:\Users\Paolino\Desktop\RPG-game\Enemy.cpp(88,42): warning C4244:         [
C:\Users\Paolino\Desktop\RPG-game\Enemy.cpp(88,42): warning C4244:             T=int
C:\Users\Paolino\Desktop\RPG-game\Enemy.cpp(88,42): warning C4244:         ]
C:\Users\Paolino\Desktop\RPG-game\Enemy.cpp(108,81): warning C4244: 'argument': conversion from 'T' to 'T', possible loss of data
C:\Users\Paolino\Desktop\RPG-game\Enemy.cpp(108,81): warning C4244:         with
C:\Users\Paolino\Desktop\RPG-game\Enemy.cpp(108,81): warning C4244:         [
C:\Users\Paolino\Desktop\RPG-game\Enemy.cpp(108,81): warning C4244:             T=float
C:\Users\Paolino\Desktop\RPG-game\Enemy.cpp(108,81): warning C4244:         ]
C:\Users\Paolino\Desktop\RPG-game\Enemy.cpp(108,81): warning C4244:         and
C:\Users\Paolino\Desktop\RPG-game\Enemy.cpp(108,81): warning C4244:         [
C:\Users\Paolino\Desktop\RPG-game\Enemy.cpp(108,81): warning C4244:             T=int
C:\Users\Paolino\Desktop\RPG-game\Enemy.cpp(108,81): warning C4244:         ]
C:\Users\Paolino\Desktop\RPG-game\Enemy.cpp(108,73): warning C4244: 'argument': conversion from 'T' to 'T', possible loss of data
C:\Users\Paolino\Desktop\RPG-game\Enemy.cpp(108,73): warning C4244:         with
C:\Users\Paolino\Desktop\RPG-game\Enemy.cpp(108,73): warning C4244:         [
C:\Users\Paolino\Desktop\RPG-game\Enemy.cpp(108,73): warning C4244:             T=float
C:\Users\Paolino\Desktop\RPG-game\Enemy.cpp(108,73): warning C4244:         ]
C:\Users\Paolino\Desktop\RPG-game\Enemy.cpp(108,73): warning C4244:         and
C:\Users\Paolino\Desktop\RPG-game\Enemy.cpp(108,73): warning C4244:         [
C:\Users\Paolino\Desktop\RPG-game\Enemy.cpp(108,73): warning C4244:             T=int
C:\Users\Paolino\Desktop\RPG-game\Enemy.cpp(108,73): warning C4244:         ]
C:\Users\Paolino\Desktop\RPG-game\Enemy.cpp(108,59): warning C4244: 'argument': conversion from 'T' to 'T', possible loss of data
C:\Users\Paolino\Desktop\RPG-game\Enemy.cpp(108,59): warning C4244:         with
C:\Users\Paolino\Desktop\RPG-game\Enemy.cpp(108,59): warning C4244:         [
C:\Users\Paolino\Desktop\RPG-game\Enemy.cpp(108,59): warning C4244:             T=float
C:\Users\Paolino\Desktop\RPG-game\Enemy.cpp(108,59): warning C4244:         ]
C:\Users\Paolino\Desktop\RPG-game\Enemy.cpp(108,59): warning C4244:         and
C:\Users\Paolino\Desktop\RPG-game\Enemy.cpp(108,59): warning C4244:         [
C:\Users\Paolino\Desktop\RPG-game\Enemy.cpp(108,59): warning C4244:             T=int
C:\Users\Paolino\Desktop\RPG-game\Enemy.cpp(108,59): warning C4244:         ]
C:\Users\Paolino\Desktop\RPG-game\Enemy.cpp(108,42): warning C4244: 'argument': conversion from 'T' to 'T', possible loss of data
C:\Users\Paolino\Desktop\RPG-game\Enemy.cpp(108,42): warning C4244:         with
C:\Users\Paolino\Desktop\RPG-game\Enemy.cpp(108,42): warning C4244:         [
C:\Users\Paolino\Desktop\RPG-game\Enemy.cpp(108,42): warning C4244:             T=float
C:\Users\Paolino\Desktop\RPG-game\Enemy.cpp(108,42): warning C4244:         ]
C:\Users\Paolino\Desktop\RPG-game\Enemy.cpp(108,42): warning C4244:         and
C:\Users\Paolino\Desktop\RPG-game\Enemy.cpp(108,42): warning C4244:         [
C:\Users\Paolino\Desktop\RPG-game\Enemy.cpp(108,42): warning C4244:             T=int
C:\Users\Paolino\Desktop\RPG-game\Enemy.cpp(108,42): warning C4244:         ]
C:\Users\Paolino\Desktop\RPG-game\Enemy.cpp(128,81): warning C4244: 'argument': conversion from 'T' to 'T', possible loss of data
C:\Users\Paolino\Desktop\RPG-game\Enemy.cpp(128,81): warning C4244:         with
C:\Users\Paolino\Desktop\RPG-game\Enemy.cpp(128,81): warning C4244:         [
C:\Users\Paolino\Desktop\RPG-game\Enemy.cpp(128,81): warning C4244:             T=float
C:\Users\Paolino\Desktop\RPG-game\Enemy.cpp(128,81): warning C4244:         ]
C:\Users\Paolino\Desktop\RPG-game\Enemy.cpp(128,81): warning C4244:         and
C:\Users\Paolino\Desktop\RPG-game\Enemy.cpp(128,81): warning C4244:         [
C:\Users\Paolino\Desktop\RPG-game\Enemy.cpp(128,81): warning C4244:             T=int
C:\Users\Paolino\Desktop\RPG-game\Enemy.cpp(128,81): warning C4244:         ]
C:\Users\Paolino\Desktop\RPG-game\Enemy.cpp(128,73): warning C4244: 'argument': conversion from 'T' to 'T', possible loss of data
C:\Users\Paolino\Desktop\RPG-game\Enemy.cpp(128,73): warning C4244:         with
C:\Users\Paolino\Desktop\RPG-game\Enemy.cpp(128,73): warning C4244:         [
C:\Users\Paolino\Desktop\RPG-game\Enemy.cpp(128,73): warning C4244:             T=float
C:\Users\Paolino\Desktop\RPG-game\Enemy.cpp(128,73): warning C4244:         ]
C:\Users\Paolino\Desktop\RPG-game\Enemy.cpp(128,73): warning C4244:         and
C:\Users\Paolino\Desktop\RPG-game\Enemy.cpp(128,73): warning C4244:         [
C:\Users\Paolino\Desktop\RPG-game\Enemy.cpp(128,73): warning C4244:             T=int
C:\Users\Paolino\Desktop\RPG-game\Enemy.cpp(128,73): warning C4244:         ]
C:\Users\Paolino\Desktop\RPG-game\Enemy.cpp(128,59): warning C4244: 'argument': conversion from 'T' to 'T', possible loss of data
C:\Users\Paolino\Desktop\RPG-game\Enemy.cpp(128,59): warning C4244:         with
C:\Users\Paolino\Desktop\RPG-game\Enemy.cpp(128,59): warning C4244:         [
C:\Users\Paolino\Desktop\RPG-game\Enemy.cpp(128,59): warning C4244:             T=float
C:\Users\Paolino\Desktop\RPG-game\Enemy.cpp(128,59): warning C4244:         ]
C:\Users\Paolino\Desktop\RPG-game\Enemy.cpp(128,59): warning C4244:         and
C:\Users\Paolino\Desktop\RPG-game\Enemy.cpp(128,59): warning C4244:         [
C:\Users\Paolino\Desktop\RPG-game\Enemy.cpp(128,59): warning C4244:             T=int
C:\Users\Paolino\Desktop\RPG-game\Enemy.cpp(128,59): warning C4244:         ]
C:\Users\Paolino\Desktop\RPG-game\Enemy.cpp(128,42): warning C4244: 'argument': conversion from 'T' to 'T', possible loss of data
C:\Users\Paolino\Desktop\RPG-game\Enemy.cpp(128,42): warning C4244:         with
C:\Users\Paolino\Desktop\RPG-game\Enemy.cpp(128,42): warning C4244:         [
C:\Users\Paolino\Desktop\RPG-game\Enemy.cpp(128,42): warning C4244:             T=float
C:\Users\Paolino\Desktop\RPG-game\Enemy.cpp(128,42): warning C4244:         ]
C:\Users\Paolino\Desktop\RPG-game\Enemy.cpp(128,42): warning C4244:         and
C:\Users\Paolino\Desktop\RPG-game\Enemy.cpp(128,42): warning C4244:         [
C:\Users\Paolino\Desktop\RPG-game\Enemy.cpp(128,42): warning C4244:             T=int
C:\Users\Paolino\Desktop\RPG-game\Enemy.cpp(128,42): warning C4244:         ]
C:\Users\Paolino\Desktop\RPG-game\Enemy.cpp(216,101): warning C4244: 'argument': conversion from 'T' to 'T', possible loss of data
C:\Users\Paolino\Desktop\RPG-game\Enemy.cpp(216,101): warning C4244:         with
C:\Users\Paolino\Desktop\RPG-game\Enemy.cpp(216,101): warning C4244:         [
C:\Users\Paolino\Desktop\RPG-game\Enemy.cpp(216,101): warning C4244:             T=float
C:\Users\Paolino\Desktop\RPG-game\Enemy.cpp(216,101): warning C4244:         ]
C:\Users\Paolino\Desktop\RPG-game\Enemy.cpp(216,101): warning C4244:         and
C:\Users\Paolino\Desktop\RPG-game\Enemy.cpp(216,101): warning C4244:         [
C:\Users\Paolino\Desktop\RPG-game\Enemy.cpp(216,101): warning C4244:             T=int
C:\Users\Paolino\Desktop\RPG-game\Enemy.cpp(216,101): warning C4244:         ]
C:\Users\Paolino\Desktop\RPG-game\Enemy.cpp(216,90): warning C4244: 'argument': conversion from 'T' to 'T', possible loss of data
C:\Users\Paolino\Desktop\RPG-game\Enemy.cpp(216,90): warning C4244:         with
C:\Users\Paolino\Desktop\RPG-game\Enemy.cpp(216,90): warning C4244:         [
C:\Users\Paolino\Desktop\RPG-game\Enemy.cpp(216,90): warning C4244:             T=float
C:\Users\Paolino\Desktop\RPG-game\Enemy.cpp(216,90): warning C4244:         ]
C:\Users\Paolino\Desktop\RPG-game\Enemy.cpp(216,90): warning C4244:         and
C:\Users\Paolino\Desktop\RPG-game\Enemy.cpp(216,90): warning C4244:         [
C:\Users\Paolino\Desktop\RPG-game\Enemy.cpp(216,90): warning C4244:             T=int
C:\Users\Paolino\Desktop\RPG-game\Enemy.cpp(216,90): warning C4244:         ]
C:\Users\Paolino\Desktop\RPG-game\Enemy.cpp(216,70): warning C4244: 'argument': conversion from 'T' to 'T', possible loss of data
C:\Users\Paolino\Desktop\RPG-game\Enemy.cpp(216,70): warning C4244:         with
C:\Users\Paolino\Desktop\RPG-game\Enemy.cpp(216,70): warning C4244:         [
C:\Users\Paolino\Desktop\RPG-game\Enemy.cpp(216,70): warning C4244:             T=float
C:\Users\Paolino\Desktop\RPG-game\Enemy.cpp(216,70): warning C4244:         ]
C:\Users\Paolino\Desktop\RPG-game\Enemy.cpp(216,70): warning C4244:         and
C:\Users\Paolino\Desktop\RPG-game\Enemy.cpp(216,70): warning C4244:         [
C:\Users\Paolino\Desktop\RPG-game\Enemy.cpp(216,70): warning C4244:             T=int
C:\Users\Paolino\Desktop\RPG-game\Enemy.cpp(216,70): warning C4244:         ]
C:\Users\Paolino\Desktop\RPG-game\Enemy.cpp(216,47): warning C4244: 'argument': conversion from 'T' to 'T', possible loss of data
C:\Users\Paolino\Desktop\RPG-game\Enemy.cpp(216,47): warning C4244:         with
C:\Users\Paolino\Desktop\RPG-game\Enemy.cpp(216,47): warning C4244:         [
C:\Users\Paolino\Desktop\RPG-game\Enemy.cpp(216,47): warning C4244:             T=float
C:\Users\Paolino\Desktop\RPG-game\Enemy.cpp(216,47): warning C4244:         ]
C:\Users\Paolino\Desktop\RPG-game\Enemy.cpp(216,47): warning C4244:         and
C:\Users\Paolino\Desktop\RPG-game\Enemy.cpp(216,47): warning C4244:         [
C:\Users\Paolino\Desktop\RPG-game\Enemy.cpp(216,47): warning C4244:             T=int
C:\Users\Paolino\Desktop\RPG-game\Enemy.cpp(216,47): warning C4244:         ]
  FrameRate.cpp
  Main.cpp
C:\Users\Paolino\Desktop\RPG-game\Enemy.h(21,28): warning C4305: 'initializing': truncation from 'double' to 'float'
  (compiling source file 'Main.cpp')
  
C:\Users\Paolino\Desktop\RPG-game\Player.h(30,39): warning C4244: 'argument': conversion from 'float' to 'T', possible loss of data
C:\Users\Paolino\Desktop\RPG-game\Player.h(30,39): warning C4244:         with
C:\Users\Paolino\Desktop\RPG-game\Player.h(30,39): warning C4244:         [
C:\Users\Paolino\Desktop\RPG-game\Player.h(30,39): warning C4244:             T=int
C:\Users\Paolino\Desktop\RPG-game\Player.h(30,39): warning C4244:         ]
  (compiling source file 'Main.cpp')
  
C:\Users\Paolino\Desktop\RPG-game\Player.h(30,32): warning C4244: 'argument': conversion from 'float' to 'T', possible loss of data
C:\Users\Paolino\Desktop\RPG-game\Player.h(30,32): warning C4244:         with
C:\Users\Paolino\Desktop\RPG-game\Player.h(30,32): warning C4244:         [
C:\Users\Paolino\Desktop\RPG-game\Player.h(30,32): warning C4244:             T=int
C:\Users\Paolino\Desktop\RPG-game\Player.h(30,32): warning C4244:         ]
  (compiling source file 'Main.cpp')
  
  Map.cpp
C:\Users\Paolino\Desktop\RPG-game\Map.cpp(72,22): warning C4018: '<': signed/unsigned mismatch
C:\Users\Paolino\Desktop\RPG-game\Map.cpp(74,23): warning C4018: '<': signed/unsigned mismatch
  MapLoader.cpp
C:\Users\Paolino\Desktop\RPG-game\MapLoader.cpp(49,16): warning C4267: 'initializing': conversion from 'size_t' to 'int', possible loss of data
C:\Users\Paolino\Desktop\RPG-game\MapLoader.cpp(50,14): warning C4267: 'initializing': conversion from 'size_t' to 'int', possible loss of data
C:\Users\Paolino\Desktop\RPG-game\MapLoader.cpp(140,12): warning C4267: 'initializing': conversion from 'size_t' to 'int', possible loss of data
C:\Users\Paolino\Desktop\RPG-game\MapLoader.cpp(141,10): warning C4267: 'initializing': conversion from 'size_t' to 'int', possible loss of data
  Mate.cpp
  Player.cpp
C:\Users\Paolino\Desktop\RPG-game\Enemy.h(21,28): warning C4305: 'initializing': truncation from 'double' to 'float'
  (compiling source file 'Player.cpp')
  
C:\Users\Paolino\Desktop\RPG-game\Player.h(30,39): warning C4244: 'argument': conversion from 'float' to 'T', possible loss of data
C:\Users\Paolino\Desktop\RPG-game\Player.h(30,39): warning C4244:         with
C:\Users\Paolino\Desktop\RPG-game\Player.h(30,39): warning C4244:         [
C:\Users\Paolino\Desktop\RPG-game\Player.h(30,39): warning C4244:             T=int
C:\Users\Paolino\Desktop\RPG-game\Player.h(30,39): warning C4244:         ]
  (compiling source file 'Player.cpp')
  
C:\Users\Paolino\Desktop\RPG-game\Player.h(30,32): warning C4244: 'argument': conversion from 'float' to 'T', possible loss of data
C:\Users\Paolino\Desktop\RPG-game\Player.h(30,32): warning C4244:         with
C:\Users\Paolino\Desktop\RPG-game\Player.h(30,32): warning C4244:         [
C:\Users\Paolino\Desktop\RPG-game\Player.h(30,32): warning C4244:             T=int
C:\Users\Paolino\Desktop\RPG-game\Player.h(30,32): warning C4244:         ]
  (compiling source file 'Player.cpp')
  
  Generating Code...
sfml-graphics-s-d.lib(Transformable.obj) : warning LNK4099: PDB '' was not found with 'sfml-graphics-s-d.lib(Transformable.obj)' or at ''; linking object as if no debug info
sfml-graphics-s-d.lib(Texture.obj) : warning LNK4099: PDB '' was not found with 'sfml-graphics-s-d.lib(Texture.obj)' or at ''; linking object as if no debug info
sfml-graphics-s-d.lib(RenderTarget.obj) : warning LNK4099: PDB '' was not found with 'sfml-graphics-s-d.lib(RenderTarget.obj)' or at ''; linking object as if no debug info
sfml-graphics-s-d.lib(Sprite.obj) : warning LNK4099: PDB '' was not found with 'sfml-graphics-s-d.lib(Sprite.obj)' or at ''; linking object as if no debug info
sfml-graphics-s-d.lib(RenderStates.obj) : warning LNK4099: PDB '' was not found with 'sfml-graphics-s-d.lib(RenderStates.obj)' or at ''; linking object as if no debug info
sfml-graphics-s-d.lib(Shape.obj) : warning LNK4099: PDB '' was not found with 'sfml-graphics-s-d.lib(Shape.obj)' or at ''; linking object as if no debug info
sfml-graphics-s-d.lib(RectangleShape.obj) : warning LNK4099: PDB '' was not found with 'sfml-graphics-s-d.lib(RectangleShape.obj)' or at ''; linking object as if no debug info
sfml-graphics-s-d.lib(Color.obj) : warning LNK4099: PDB '' was not found with 'sfml-graphics-s-d.lib(Color.obj)' or at ''; linking object as if no debug info
sfml-graphics-s-d.lib(Font.obj) : warning LNK4099: PDB '' was not found with 'sfml-graphics-s-d.lib(Font.obj)' or at ''; linking object as if no debug info
sfml-graphics-s-d.lib(Text.obj) : warning LNK4099: PDB '' was not found with 'sfml-graphics-s-d.lib(Text.obj)' or at ''; linking object as if no debug info
sfml-graphics-s-d.lib(RenderWindow.obj) : warning LNK4099: PDB '' was not found with 'sfml-graphics-s-d.lib(RenderWindow.obj)' or at ''; linking object as if no debug info
sfml-graphics-s-d.lib(Transform.obj) : warning LNK4099: PDB '' was not found with 'sfml-graphics-s-d.lib(Transform.obj)' or at ''; linking object as if no debug info
sfml-graphics-s-d.lib(Image.obj) : warning LNK4099: PDB '' was not found with 'sfml-graphics-s-d.lib(Image.obj)' or at ''; linking object as if no debug info
sfml-graphics-s-d.lib(GLExtensions.obj) : warning LNK4099: PDB '' was not found with 'sfml-graphics-s-d.lib(GLExtensions.obj)' or at ''; linking object as if no debug info
sfml-graphics-s-d.lib(GLCheck.obj) : warning LNK4099: PDB '' was not found with 'sfml-graphics-s-d.lib(GLCheck.obj)' or at ''; linking object as if no debug info
sfml-graphics-s-d.lib(TextureSaver.obj) : warning LNK4099: PDB '' was not found with 'sfml-graphics-s-d.lib(TextureSaver.obj)' or at ''; linking object as if no debug info
sfml-graphics-s-d.lib(View.obj) : warning LNK4099: PDB '' was not found with 'sfml-graphics-s-d.lib(View.obj)' or at ''; linking object as if no debug info
sfml-graphics-s-d.lib(BlendMode.obj) : warning LNK4099: PDB '' was not found with 'sfml-graphics-s-d.lib(BlendMode.obj)' or at ''; linking object as if no debug info
sfml-graphics-s-d.lib(Vertex.obj) : warning LNK4099: PDB '' was not found with 'sfml-graphics-s-d.lib(Vertex.obj)' or at ''; linking object as if no debug info
sfml-graphics-s-d.lib(Shader.obj) : warning LNK4099: PDB '' was not found with 'sfml-graphics-s-d.lib(Shader.obj)' or at ''; linking object as if no debug info
sfml-graphics-s-d.lib(VertexBuffer.obj) : warning LNK4099: PDB '' was not found with 'sfml-graphics-s-d.lib(VertexBuffer.obj)' or at ''; linking object as if no debug info
sfml-graphics-s-d.lib(VertexArray.obj) : warning LNK4099: PDB '' was not found with 'sfml-graphics-s-d.lib(VertexArray.obj)' or at ''; linking object as if no debug info
sfml-graphics-s-d.lib(RenderTextureImplFBO.obj) : warning LNK4099: PDB '' was not found with 'sfml-graphics-s-d.lib(RenderTextureImplFBO.obj)' or at ''; linking object as if no debug info
sfml-graphics-s-d.lib(ImageLoader.obj) : warning LNK4099: PDB '' was not found with 'sfml-graphics-s-d.lib(ImageLoader.obj)' or at ''; linking object as if no debug info
sfml-graphics-s-d.lib(Glsl.obj) : warning LNK4099: PDB '' was not found with 'sfml-graphics-s-d.lib(Glsl.obj)' or at ''; linking object as if no debug info
sfml-graphics-s-d.lib(RenderTextureImpl.obj) : warning LNK4099: PDB '' was not found with 'sfml-graphics-s-d.lib(RenderTextureImpl.obj)' or at ''; linking object as if no debug info
sfml-system-s-d.lib(String.obj) : warning LNK4099: PDB '' was not found with 'sfml-system-s-d.lib(String.obj)' or at ''; linking object as if no debug info
sfml-system-s-d.lib(Time.obj) : warning LNK4099: PDB '' was not found with 'sfml-system-s-d.lib(Time.obj)' or at ''; linking object as if no debug info
sfml-system-s-d.lib(Clock.obj) : warning LNK4099: PDB '' was not found with 'sfml-system-s-d.lib(Clock.obj)' or at ''; linking object as if no debug info
sfml-system-s-d.lib(Mutex.obj) : warning LNK4099: PDB '' was not found with 'sfml-system-s-d.lib(Mutex.obj)' or at ''; linking object as if no debug info
sfml-system-s-d.lib(Lock.obj) : warning LNK4099: PDB '' was not found with 'sfml-system-s-d.lib(Lock.obj)' or at ''; linking object as if no debug info
sfml-system-s-d.lib(Err.obj) : warning LNK4099: PDB '' was not found with 'sfml-system-s-d.lib(Err.obj)' or at ''; linking object as if no debug info
sfml-system-s-d.lib(ClockImpl.obj) : warning LNK4099: PDB '' was not found with 'sfml-system-s-d.lib(ClockImpl.obj)' or at ''; linking object as if no debug info
sfml-system-s-d.lib(MutexImpl.obj) : warning LNK4099: PDB '' was not found with 'sfml-system-s-d.lib(MutexImpl.obj)' or at ''; linking object as if no debug info
sfml-window-s-d.lib(VideoMode.obj) : warning LNK4099: PDB '' was not found with 'sfml-window-s-d.lib(VideoMode.obj)' or at ''; linking object as if no debug info
sfml-window-s-d.lib(WindowBase.obj) : warning LNK4099: PDB '' was not found with 'sfml-window-s-d.lib(WindowBase.obj)' or at ''; linking object as if no debug info
sfml-window-s-d.lib(Window.obj) : warning LNK4099: PDB '' was not found with 'sfml-window-s-d.lib(Window.obj)' or at ''; linking object as if no debug info
sfml-window-s-d.lib(Keyboard.obj) : warning LNK4099: PDB '' was not found with 'sfml-window-s-d.lib(Keyboard.obj)' or at ''; linking object as if no debug info
sfml-window-s-d.lib(Mouse.obj) : warning LNK4099: PDB '' was not found with 'sfml-window-s-d.lib(Mouse.obj)' or at ''; linking object as if no debug info
sfml-window-s-d.lib(GlResource.obj) : warning LNK4099: PDB '' was not found with 'sfml-window-s-d.lib(GlResource.obj)' or at ''; linking object as if no debug info
sfml-window-s-d.lib(Context.obj) : warning LNK4099: PDB '' was not found with 'sfml-window-s-d.lib(Context.obj)' or at ''; linking object as if no debug info
sfml-window-s-d.lib(VideoModeImpl.obj) : warning LNK4099: PDB '' was not found with 'sfml-window-s-d.lib(VideoModeImpl.obj)' or at ''; linking object as if no debug info
sfml-window-s-d.lib(Cursor.obj) : warning LNK4099: PDB '' was not found with 'sfml-window-s-d.lib(Cursor.obj)' or at ''; linking object as if no debug info
sfml-window-s-d.lib(WindowImpl.obj) : warning LNK4099: PDB '' was not found with 'sfml-window-s-d.lib(WindowImpl.obj)' or at ''; linking object as if no debug info
sfml-window-s-d.lib(GlContext.obj) : warning LNK4099: PDB '' was not found with 'sfml-window-s-d.lib(GlContext.obj)' or at ''; linking object as if no debug info
sfml-window-s-d.lib(InputImpl.obj) : warning LNK4099: PDB '' was not found with 'sfml-window-s-d.lib(InputImpl.obj)' or at ''; linking object as if no debug info
sfml-window-s-d.lib(CursorImpl.obj) : warning LNK4099: PDB '' was not found with 'sfml-window-s-d.lib(CursorImpl.obj)' or at ''; linking object as if no debug info
sfml-window-s-d.lib(JoystickManager.obj) : warning LNK4099: PDB '' was not found with 'sfml-window-s-d.lib(JoystickManager.obj)' or at ''; linking object as if no debug info
sfml-window-s-d.lib(SensorManager.obj) : warning LNK4099: PDB '' was not found with 'sfml-window-s-d.lib(SensorManager.obj)' or at ''; linking object as if no debug info
sfml-window-s-d.lib(WindowImplWin32.obj) : warning LNK4099: PDB '' was not found with 'sfml-window-s-d.lib(WindowImplWin32.obj)' or at ''; linking object as if no debug info
sfml-window-s-d.lib(VulkanImplWin32.obj) : warning LNK4099: PDB '' was not found with 'sfml-window-s-d.lib(VulkanImplWin32.obj)' or at ''; linking object as if no debug info
sfml-window-s-d.lib(WglContext.obj) : warning LNK4099: PDB '' was not found with 'sfml-window-s-d.lib(WglContext.obj)' or at ''; linking object as if no debug info
sfml-window-s-d.lib(Joystick.obj) : warning LNK4099: PDB '' was not found with 'sfml-window-s-d.lib(Joystick.obj)' or at ''; linking object as if no debug info
sfml-window-s-d.lib(JoystickImpl.obj) : warning LNK4099: PDB '' was not found with 'sfml-window-s-d.lib(JoystickImpl.obj)' or at ''; linking object as if no debug info
sfml-window-s-d.lib(SensorImpl.obj) : warning LNK4099: PDB '' was not found with 'sfml-window-s-d.lib(SensorImpl.obj)' or at ''; linking object as if no debug info
sfml-system-s-d.lib(Sleep.obj) : warning LNK4099: PDB '' was not found with 'sfml-system-s-d.lib(Sleep.obj)' or at ''; linking object as if no debug info
sfml-system-s-d.lib(ThreadLocal.obj) : warning LNK4099: PDB '' was not found with 'sfml-system-s-d.lib(ThreadLocal.obj)' or at ''; linking object as if no debug info
sfml-system-s-d.lib(SleepImpl.obj) : warning LNK4099: PDB '' was not found with 'sfml-system-s-d.lib(SleepImpl.obj)' or at ''; linking object as if no debug info
sfml-system-s-d.lib(ThreadLocalImpl.obj) : warning LNK4099: PDB '' was not found with 'sfml-system-s-d.lib(ThreadLocalImpl.obj)' or at ''; linking object as if no debug info
  ConsoleApplication1.vcxproj -> C:\Users\Paolino\Desktop\RPG-game\Build\x64\Debug\bin\Rpg-Game.exe
