c:\users\paolino\desktop\rpg-game\rpg-game\x64\debug\vc143.pdb
c:\users\paolino\desktop\rpg-game\rpg-game\x64\debug\vc143.idb
c:\users\paolino\desktop\rpg-game\rpg-game\x64\debug\player.obj
c:\users\paolino\desktop\rpg-game\rpg-game\x64\debug\maploader.obj
c:\users\paolino\desktop\rpg-game\rpg-game\x64\debug\main.obj
c:\users\paolino\desktop\rpg-game\rpg-game\x64\debug\enemy.obj
c:\users\paolino\desktop\rpg-game\rpg-game\x64\debug\map.obj
c:\users\paolino\desktop\rpg-game\rpg-game\x64\debug\mate.obj
c:\users\paolino\desktop\rpg-game\rpg-game\x64\debug\framerate.obj
c:\users\paolino\desktop\rpg-game\rpg-game\x64\debug\bullet.obj
c:\users\paolino\desktop\rpg-game\rpg-game\x64\debug\background.obj
c:\users\paolino\desktop\rpg-game\build\x64\debug\bin\rpg-game.exe
c:\users\paolino\desktop\rpg-game\build\x64\debug\bin\rpg-game.pdb
c:\users\paolino\desktop\rpg-game\rpg-game\x64\debug\rpg-game.ilk
c:\users\paolino\desktop\rpg-game\rpg-game\x64\debug\main.obj.enc
c:\users\paolino\desktop\rpg-game\rpg-game\x64\debug\map.obj.enc
c:\users\paolino\desktop\rpg-game\rpg-game\x64\debug\maploader.obj.enc
c:\users\paolino\desktop\rpg-game\rpg-game\x64\debug\background.nativecodeanalysis.xml
c:\users\paolino\desktop\rpg-game\rpg-game\x64\debug\bullet.nativecodeanalysis.xml
c:\users\paolino\desktop\rpg-game\rpg-game\x64\debug\enemy.nativecodeanalysis.xml
c:\users\paolino\desktop\rpg-game\rpg-game\x64\debug\framerate.nativecodeanalysis.xml
c:\users\paolino\desktop\rpg-game\rpg-game\x64\debug\main.nativecodeanalysis.xml
c:\users\paolino\desktop\rpg-game\rpg-game\x64\debug\map.nativecodeanalysis.xml
c:\users\paolino\desktop\rpg-game\rpg-game\x64\debug\maploader.nativecodeanalysis.xml
c:\users\paolino\desktop\rpg-game\rpg-game\x64\debug\mate.nativecodeanalysis.xml
c:\users\paolino\desktop\rpg-game\rpg-game\x64\debug\player.nativecodeanalysis.xml
c:\users\paolino\desktop\rpg-game\rpg-game\x64\debug\vc.nativecodeanalysis.all.xml
c:\users\paolino\desktop\rpg-game\rpg-game\x64\debug\rpg-game.tlog\cl.command.1.tlog
c:\users\paolino\desktop\rpg-game\rpg-game\x64\debug\rpg-game.tlog\cl.items.tlog
c:\users\paolino\desktop\rpg-game\rpg-game\x64\debug\rpg-game.tlog\cl.read.1.tlog
c:\users\paolino\desktop\rpg-game\rpg-game\x64\debug\rpg-game.tlog\cl.write.1.tlog
c:\users\paolino\desktop\rpg-game\rpg-game\x64\debug\rpg-game.tlog\link.command.1.tlog
c:\users\paolino\desktop\rpg-game\rpg-game\x64\debug\rpg-game.tlog\link.read.1.tlog
c:\users\paolino\desktop\rpg-game\rpg-game\x64\debug\rpg-game.tlog\link.secondary.1.tlog
c:\users\paolino\desktop\rpg-game\rpg-game\x64\debug\rpg-game.tlog\link.write.1.tlog
